<?xml version="1.0" encoding="UTF-8"?>
<testsuite xmlns:xsi="http://www.w3.org/2001/XMLSchema-instance" xsi:noNamespaceSchemaLocation="https://maven.apache.org/surefire/maven-surefire-plugin/xsd/surefire-test-report-3.0.xsd" version="3.0" name="io.github.hoangtuan2k5.dsa.math.easy.src.IntegerToRomanTest" time="0.002" tests="8" errors="0" skipped="0" failures="0">
  <properties>
    <property name="java.specification.version" value="23"/>
    <property name="sun.cpu.isalist" value="amd64"/>
    <property name="sun.jnu.encoding" value="Cp1258"/>
    <property name="java.class.path" value="C:\Users\hoang\WorkSpace\dsa-leetcode-training\target\test-classes;C:\Users\hoang\WorkSpace\dsa-leetcode-training\target\classes;C:\Users\hoang\.m2\repository\junit\junit\4.13.2\junit-4.13.2.jar;C:\Users\hoang\.m2\repository\org\hamcrest\hamcrest-core\1.3\hamcrest-core-1.3.jar;"/>
    <property name="java.vm.vendor" value="Oracle Corporation"/>
    <property name="sun.arch.data.model" value="64"/>
    <property name="user.variant" value=""/>
    <property name="java.vendor.url" value="https://java.oracle.com/"/>
    <property name="user.timezone" value="Asia/Saigon"/>
    <property name="user.country.format" value="US"/>
    <property name="os.name" value="Windows 11"/>
    <property name="java.vm.specification.version" value="23"/>
    <property name="sun.java.launcher" value="SUN_STANDARD"/>
    <property name="user.country" value="VN"/>
    <property name="sun.boot.library.path" value="C:\Program Files\Java\jdk-23\bin"/>
    <property name="sun.java.command" value="C:\Users\hoang\AppData\Local\Temp\surefire5780229154483267862\surefirebooter-20250504214059776_3.jar C:\Users\hoang\AppData\Local\Temp\surefire5780229154483267862 2025-05-04T21-40-58_879-jvmRun1 surefire-20250504214059776_1tmp surefire_0-20250504214059776_2tmp"/>
    <property name="jdk.debug" value="release"/>
    <property name="surefire.test.class.path" value="C:\Users\hoang\WorkSpace\dsa-leetcode-training\target\test-classes;C:\Users\hoang\WorkSpace\dsa-leetcode-training\target\classes;C:\Users\hoang\.m2\repository\junit\junit\4.13.2\junit-4.13.2.jar;C:\Users\hoang\.m2\repository\org\hamcrest\hamcrest-core\1.3\hamcrest-core-1.3.jar;"/>
    <property name="sun.cpu.endian" value="little"/>
    <property name="user.home" value="C:\Users\hoang"/>
    <property name="user.language" value="vi"/>
    <property name="java.specification.vendor" value="Oracle Corporation"/>
    <property name="java.version.date" value="2024-10-15"/>
    <property name="java.home" value="C:\Program Files\Java\jdk-23"/>
    <property name="file.separator" value="\"/>
    <property name="basedir" value="C:\Users\hoang\WorkSpace\dsa-leetcode-training"/>
    <property name="java.vm.compressedOopsMode" value="Zero based"/>
    <property name="line.separator" value="&#10;"/>
    <property name="java.vm.specification.vendor" value="Oracle Corporation"/>
    <property name="java.specification.name" value="Java Platform API Specification"/>
    <property name="surefire.real.class.path" value="C:\Users\hoang\AppData\Local\Temp\surefire5780229154483267862\surefirebooter-20250504214059776_3.jar"/>
    <property name="user.script" value=""/>
    <property name="sun.management.compiler" value="HotSpot 64-Bit Tiered Compilers"/>
    <property name="java.runtime.version" value="23.0.1+11-39"/>
    <property name="user.name" value="hoang"/>
    <property name="stdout.encoding" value="Cp1258"/>
    <property name="path.separator" value=";"/>
    <property name="os.version" value="10.0"/>
    <property name="java.runtime.name" value="Java(TM) SE Runtime Environment"/>
    <property name="file.encoding" value="UTF-8"/>
    <property name="java.vm.name" value="Java HotSpot(TM) 64-Bit Server VM"/>
    <property name="localRepository" value="C:\Users\hoang\.m2\repository"/>
    <property name="java.vendor.url.bug" value="https://bugreport.java.com/bugreport/"/>
    <property name="java.io.tmpdir" value="C:\Users\hoang\AppData\Local\Temp\"/>
    <property name="java.version" value="23.0.1"/>
    <property name="user.dir" value="C:\Users\hoang\WorkSpace\dsa-leetcode-training"/>
    <property name="os.arch" value="amd64"/>
    <property name="java.vm.specification.name" value="Java Virtual Machine Specification"/>
    <property name="user.language.format" value="en"/>
    <property name="sun.os.patch.level" value=""/>
    <property name="native.encoding" value="Cp1258"/>
    <property name="java.library.path" value="C:\Program Files\Java\jdk-23\bin;C:\WINDOWS\Sun\Java\bin;C:\WINDOWS\system32;C:\WINDOWS;C:\Program Files\WindowsApps\Microsoft.PowerShell_7.5.1.0_x64__8wekyb3d8bbwe;C:\Program Files\WindowsApps\Microsoft.PowerShell_7.4.6.0_x64__8wekyb3d8bbwe;C:\Program Files (x86)\oh-my-posh\bin\;C:\Python313\Scripts\;C:\Python313\;C:\Program Files\Common Files\Oracle\Java\javapath;C:\Windows\system32;C:\Windows;C:\Windows\System32\Wbem;C:\Windows\System32\WindowsPowerShell\v1.0\;C:\Windows\System32\OpenSSH\;C:\Program Files (x86)\NVIDIA Corporation\PhysX\Common;C:\WINDOWS\system32;C:\WINDOWS;C:\WINDOWS\System32\Wbem;C:\WINDOWS\System32\WindowsPowerShell\v1.0\;C:\WINDOWS\System32\OpenSSH\;C:\Program Files\Microsoft VS Code\bin;C:\ProgramData\chocolatey\bin;C:\Program Files\starship\bin\;C:\Program Files\Git\cmd;C:\Program Files\LLVM\bin;C:\Program Files (x86)\LLVM\bin;C:\Program Files\Neovim\bin;C:\Users\hoang\scoop\apps\luarocks\current\rocks\bin;C:\Users\hoang\scoop\shims;C:\Users\hoang\AppData\Local\Microsoft\WindowsApps;C:\Program Files\JetBrains\IntelliJ IDEA 2024.3.1.1\bin;C:\msys64\usr\bin\;C:\Users\hoang\AppData\Roaming\npm;C:\Program Files\MySQL\MySQL Server 8.4\bin;C:\Program Files\7-Zip;C:\Users\hoang\scoop\apps\luarocks\current\rocks\bin;C:\Users\hoang\scoop\shims;C:\Users\hoang\AppData\Local\Microsoft\WindowsApps;C:\Program Files\JetBrains\IntelliJ IDEA 2024.3.1.1\bin;C:\msys64\usr\bin\;C:\Users\hoang\AppData\Roaming\npm;C:\Program Files\MySQL\MySQL Server 8.4\bin;C:\Program Files\7-Zip;C:\Users\hoang\OneDrive\chatbot_cli;C:\Program Files\dotnet\;C:\ProgramData\nvm;C:\nvm4w\nodejs;C:\Program Files\Calibre2\;c:\Users\hoang\AppData\Local\Programs\cursor\resources\app\bin;C:\Program Files\NVIDIA Corporation\NVIDIA app\NvDLISR;C:\Program Files\Docker\Docker\resources\bin;C:\Qt\6.9.0\mingw_64\bin;C:\Users\hoang\scoop\apps\luarocks\current\rocks\bin;C:\Users\hoang\scoop\shims;C:\Users\hoang\AppData\Local\Microsoft\WindowsApps;C:\Program Files\JetBrains\IntelliJ IDEA 2024.3.1.1\bin;C:\msys64\usr\bin\;C:\Users\hoang\AppData\Roaming\npm;C:\Program Files\MySQL\MySQL Server 8.4\bin;C:\Program Files\7-Zip;C:\Users\hoang\AppData\Local\Programs\Hyper\resources\bin;C:\ProgramData\nvm;C:\nvm4w\nodejs;C:\Users\hoang\AppData\Roaming\Python\Python313\Scripts;C:\Users\hoang\.lmstudio\bin;C:\Users\hoang\AppData\Local\Programs\Ollama;C:\Program Files\apache-maven-3.9.9\bin;C:\Users\hoang\AppData\Local\Programs\Windsurf\bin;C:\Users\hoang\AppData\Local\Programs\cursor\resources\app\bin;c:\Users\hoang\AppData\Roaming\Code\User\globalStorage\github.copilot-chat\debugCommand;."/>
    <property name="java.vm.info" value="mixed mode, sharing"/>
    <property name="stderr.encoding" value="Cp1258"/>
    <property name="java.vendor" value="Oracle Corporation"/>
    <property name="java.vm.version" value="23.0.1+11-39"/>
    <property name="sun.io.unicode.encoding" value="UnicodeLittle"/>
    <property name="java.class.version" value="67.0"/>
  </properties>
  <testcase name="testBasicCase1" classname="io.github.hoangtuan2k5.dsa.math.easy.src.IntegerToRomanTest" time="0.0"/>
  <testcase name="testBasicCase2" classname="io.github.hoangtuan2k5.dsa.math.easy.src.IntegerToRomanTest" time="0.0"/>
  <testcase name="testBasicCase3" classname="io.github.hoangtuan2k5.dsa.math.easy.src.IntegerToRomanTest" time="0.0"/>
  <testcase name="testRepeatedSymbols" classname="io.github.hoangtuan2k5.dsa.math.easy.src.IntegerToRomanTest" time="0.0"/>
  <testcase name="testMinValue" classname="io.github.hoangtuan2k5.dsa.math.easy.src.IntegerToRomanTest" time="0.0"/>
  <testcase name="testComplexNumbers" classname="io.github.hoangtuan2k5.dsa.math.easy.src.IntegerToRomanTest" time="0.0"/>
  <testcase name="testMaxValue" classname="io.github.hoangtuan2k5.dsa.math.easy.src.IntegerToRomanTest" time="0.0"/>
  <testcase name="testSubtractionCases" classname="io.github.hoangtuan2k5.dsa.math.easy.src.IntegerToRomanTest" time="0.0"/>
</testsuite>